\BOOKMARK [0][]{chapter.1}{\376\377\0001\000\040\000I\000N\000T\000R\000O\000D\000U\000C\000T\000I\000O\000N}{}% 1
\BOOKMARK [1][-]{section.1.1}{\376\377\0001\000.\0001\000\040\000P\000R\000O\000B\000L\000E\000M\000\040\000D\000E\000F\000I\000N\000I\000T\000I\000O\000N\000\040\000A\000N\000D\000\040\000O\000B\000J\000E\000C\000T\000I\000V\000E\000S}{chapter.1}% 2
\BOOKMARK [1][-]{section.1.2}{\376\377\0001\000.\0002\000\040\000S\000T\000R\000U\000C\000T\000U\000R\000E\000\040\000O\000F\000\040\000T\000H\000E\000\040\000T\000H\000E\000S\000I\000S}{chapter.1}% 3
\BOOKMARK [0][]{chapter.2}{\376\377\0002\000\040\000T\000H\000E\000O\000R\000E\000T\000I\000C\000A\000L\000\040\000F\000R\000A\000M\000E\000W\000O\000R\000K}{}% 4
\BOOKMARK [1][-]{section.2.1}{\376\377\0002\000.\0001\000\040\000G\000E\000N\000E\000R\000A\000L\000\040\000T\000H\000E\000O\000R\000Y\000\040\000O\000F\000\040\000F\000U\000S\000I\000O\000N\000\040\000R\000E\000A\000C\000T\000O\000R\000S}{chapter.2}% 5
\BOOKMARK [1][-]{section.2.2}{\376\377\0002\000.\0002\000\040\000W\0007\000-\000X\000\040\000S\000Y\000S\000T\000E\000M\000S}{chapter.2}% 6
\BOOKMARK [1][-]{section.2.3}{\376\377\0002\000.\0003\000\040\000H\000E\000A\000T\000\040\000T\000R\000A\000N\000S\000F\000E\000R}{chapter.2}% 7
\BOOKMARK [2][-]{subsection.2.3.1}{\376\377\0002\000.\0003\000.\0001\000\040\000G\000e\000n\000e\000r\000a\000l\000\040\000p\000r\000o\000b\000l\000e\000m\000\040\000o\000f\000\040\000h\000e\000a\000t\000\040\000e\000x\000c\000h\000a\000n\000g\000e}{section.2.3}% 8
\BOOKMARK [2][-]{subsection.2.3.2}{\376\377\0002\000.\0003\000.\0002\000\040\000H\000e\000a\000t\000\040\000c\000o\000n\000d\000u\000c\000t\000i\000o\000n}{section.2.3}% 9
\BOOKMARK [2][-]{subsection.2.3.3}{\376\377\0002\000.\0003\000.\0003\000\040\000C\000o\000n\000v\000e\000c\000t\000i\000v\000e\000\040\000h\000e\000a\000t\000\040\000t\000r\000a\000n\000s\000f\000e\000r}{section.2.3}% 10
\BOOKMARK [2][-]{subsection.2.3.4}{\376\377\0002\000.\0003\000.\0004\000\040\000T\000h\000e\000r\000m\000a\000l\000\040\000r\000a\000d\000i\000a\000t\000i\000o\000n}{section.2.3}% 11
\BOOKMARK [1][-]{section.2.4}{\376\377\0002\000.\0004\000\040\000S\000O\000L\000I\000D\000\040\000M\000E\000C\000H\000A\000N\000I\000C\000S}{chapter.2}% 12
\BOOKMARK [1][-]{section.2.5}{\376\377\0002\000.\0005\000\040\000F\000I\000N\000I\000T\000E\000\040\000E\000L\000E\000M\000E\000N\000T\000\040\000M\000E\000T\000H\000O\000D}{chapter.2}% 13
\BOOKMARK [0][]{chapter.3}{\376\377\0003\000\040\000S\000T\000A\000T\000E\000\040\000O\000F\000\040\000T\000H\000E\000\040\000A\000R\000T}{}% 14
\BOOKMARK [1][-]{section.3.1}{\376\377\0003\000.\0001\000\040\000\040\000P\000R\000E\000V\000I\000O\000U\000S\000\040\000A\000N\000A\000L\000Y\000S\000E\000S\000\040\000O\000F\000\040\000T\000H\000E\000\040\000E\000C\000R\000H\000\040\000R\000E\000F\000L\000E\000C\000T\000O\000R\000\040\000T\000I\000L\000E}{chapter.3}% 15
\BOOKMARK [1][-]{section.3.2}{\376\377\0003\000.\0002\000\040\000I\000S\000S\000U\000E\000S\000\040\000O\000F\000\040\000T\000H\000E\000\040\000T\000I\000L\000E}{chapter.3}% 16
\BOOKMARK [0][]{chapter.4}{\376\377\0004\000\040\000M\000E\000T\000H\000O\000D\000S\000\040\000A\000N\000D\000\040\000C\000O\000N\000F\000I\000G\000U\000R\000A\000T\000I\000O\000N\000S}{}% 17
\BOOKMARK [1][-]{section.4.1}{\376\377\0004\000.\0001\000\040\000M\000A\000T\000E\000R\000I\000A\000L\000\040\000P\000R\000O\000P\000E\000R\000T\000I\000E\000S\000\040\000A\000N\000D\000\040\000P\000H\000Y\000S\000I\000C\000A\000L\000\040\000M\000O\000D\000E\000L\000S}{chapter.4}% 18
\BOOKMARK [2][-]{subsection.4.1.1}{\376\377\0004\000.\0001\000.\0001\000\040\000T\000h\000e\000r\000m\000a\000l\000\040\000p\000r\000o\000p\000e\000r\000t\000i\000e\000s}{section.4.1}% 19
\BOOKMARK [2][-]{subsection.4.1.2}{\376\377\0004\000.\0001\000.\0002\000\040\000M\000e\000c\000h\000a\000n\000i\000c\000a\000l\000\040\000p\000r\000o\000p\000e\000r\000t\000i\000e\000s}{section.4.1}% 20
\BOOKMARK [1][-]{section.4.2}{\376\377\0004\000.\0002\000\040\000C\000O\000N\000T\000A\000C\000T\000\040\000C\000O\000N\000F\000I\000G\000U\000R\000A\000T\000I\000O\000N}{chapter.4}% 21
\BOOKMARK [2][-]{subsection.4.2.1}{\376\377\0004\000.\0002\000.\0001\000\040\000I\000n\000i\000t\000i\000a\000l\000\040\000c\000o\000n\000t\000a\000c\000t\000\040\000s\000e\000t\000u\000p}{section.4.2}% 22
\BOOKMARK [2][-]{subsection.4.2.2}{\376\377\0004\000.\0002\000.\0002\000\040\000F\000i\000e\000l\000d\000s\000\040\000c\000o\000u\000p\000l\000i\000n\000g\000\040\000a\000n\000d\000\040\000c\000o\000n\000t\000a\000c\000t\000\040\000c\000o\000n\000f\000i\000g\000u\000r\000a\000t\000i\000o\000n}{section.4.2}% 23
\BOOKMARK [1][-]{section.4.3}{\376\377\0004\000.\0003\000\040\000P\000L\000A\000S\000M\000A\000\040\000H\000E\000A\000T\000\040\000L\000O\000A\000D}{chapter.4}% 24
\BOOKMARK [1][-]{section.4.4}{\376\377\0004\000.\0004\000\040\000M\000O\000D\000E\000L\000L\000I\000N\000G\000\040\000O\000F\000\040\000T\000H\000E\000\040\000E\000C\000R\000H\000\040\000B\000E\000A\000M}{chapter.4}% 25
\BOOKMARK [2][-]{subsection.4.4.1}{\376\377\0004\000.\0004\000.\0001\000\040\000C\000a\000l\000c\000u\000l\000a\000t\000i\000o\000n\000\040\000o\000f\000\040\000t\000h\000e\000\040\000i\000n\000t\000e\000g\000r\000a\000t\000i\000o\000n\000\040\000c\000o\000e\000f\000f\000i\000c\000i\000e\000n\000t\000s}{section.4.4}% 26
\BOOKMARK [2][-]{subsection.4.4.2}{\376\377\0004\000.\0004\000.\0002\000\040\000C\000o\000d\000i\000n\000g\000\040\000s\000t\000r\000a\000t\000e\000g\000y\000\040\000a\000n\000d\000\040\000i\000m\000p\000l\000e\000m\000e\000n\000t\000a\000t\000i\000o\000n\000\040\000i\000n\000\040\000A\000N\000S\000Y\000S\000\256}{section.4.4}% 27
\BOOKMARK [1][-]{section.4.5}{\376\377\0004\000.\0005\000\040\000D\000U\000M\000M\000Y\000\040\000M\000O\000D\000E\000L\000S}{chapter.4}% 28
\BOOKMARK [2][-]{subsection.4.5.1}{\376\377\0004\000.\0005\000.\0001\000\040\000B\000o\000l\000t\000/\000w\000a\000s\000h\000e\000r\000s\000/\000n\000u\000t\000\040\000m\000o\000d\000e\000l}{section.4.5}% 29
\BOOKMARK [2][-]{subsection.4.5.2}{\376\377\0004\000.\0005\000.\0002\000\040\000C\000o\000u\000p\000l\000e\000d\000\040\000f\000i\000e\000l\000d\000s\000\040\000c\000o\000n\000t\000a\000c\000t\000\040\000m\000o\000d\000e\000l}{section.4.5}% 30
\BOOKMARK [0][]{chapter.5}{\376\377\0005\000\040\000A\000N\000A\000L\000Y\000S\000E\000S\000\040\000S\000E\000T\000U\000P\000\040\000A\000N\000D\000\040\000R\000E\000S\000U\000L\000T\000S}{}% 31
\BOOKMARK [1][-]{section.5.1}{\376\377\0005\000.\0001\000\040\000S\000T\000E\000A\000D\000Y\000-\000S\000T\000A\000T\000E\000\040\000T\000H\000E\000R\000M\000A\000L\000\040\000A\000N\000A\000L\000Y\000S\000I\000S}{chapter.5}% 32
\BOOKMARK [2][-]{subsection.5.1.1}{\376\377\0005\000.\0001\000.\0001\000\040\000C\000a\000l\000c\000u\000l\000a\000t\000i\000o\000n\000\040\000o\000f\000\040\000t\000h\000e\000\040\000s\000u\000r\000f\000a\000c\000e\000\040\000i\000n\000t\000e\000g\000r\000a\000l\000e\000s}{section.5.1}% 33
\BOOKMARK [2][-]{subsection.5.1.2}{\376\377\0005\000.\0001\000.\0002\000\040\000C\000o\000m\000p\000a\000r\000i\000s\000o\000n\000\040\000b\000e\000t\000w\000e\000e\000n\000\040\000o\000l\000d\000\040\000a\000n\000d\000\040\000n\000e\000w\000\040\000T\000Z\000M\000\040\000t\000i\000l\000e\000\040\000d\000e\000s\000i\000g\000n}{section.5.1}% 34
\BOOKMARK [2][-]{subsection.5.1.3}{\376\377\0005\000.\0001\000.\0003\000\040\000F\000i\000l\000m\000\040\000c\000o\000e\000f\000f\000i\000c\000i\000e\000n\000t\000\040\000i\000n\000f\000l\000u\000e\000n\000c\000e\000\040\000o\000n\000\040\000t\000h\000e\000r\000m\000a\000l\000\040\000b\000e\000h\000a\000v\000i\000o\000r}{section.5.1}% 35
\BOOKMARK [2][-]{subsection.5.1.4}{\376\377\0005\000.\0001\000.\0004\000\040\000L\000o\000a\000d\000c\000a\000s\000e\000\040\000i\000n\000f\000l\000u\000e\000n\000c\000e\000\040\000o\000n\000\040\000t\000h\000e\000r\000m\000a\000l\000\040\000b\000e\000h\000a\000v\000i\000o\000r}{section.5.1}% 36
\BOOKMARK [1][-]{section.5.2}{\376\377\0005\000.\0002\000\040\000T\000R\000A\000N\000S\000I\000E\000N\000T\000\040\000T\000H\000E\000R\000M\000A\000L\000\040\000A\000N\000A\000L\000Y\000S\000I\000S}{chapter.5}% 37
\BOOKMARK [1][-]{section.5.3}{\376\377\0005\000.\0003\000\040\000S\000T\000A\000T\000I\000C\000\040\000S\000T\000R\000U\000C\000T\000U\000R\000A\000L\000\040\000A\000N\000A\000L\000Y\000S\000I\000S}{chapter.5}% 38
\BOOKMARK [1][-]{section.5.4}{\376\377\0005\000.\0004\000\040\000C\000O\000U\000P\000L\000E\000D\000\040\000F\000I\000E\000L\000D\000S\000\040\000A\000N\000A\000L\000Y\000S\000I\000S}{chapter.5}% 39
