This is pdfTeX, Version 3.141592653-2.6-1.40.26 (MiKTeX 24.3) (preloaded format=pdflatex 2024.5.13)  14 MAY 2024 09:20
entering extended mode
 restricted \write18 enabled.
 file:line:error style messages enabled.
 %&-line parsing enabled.
**"c:/Users/niol/vscode-workspace/LaTeX project/main.tex"
(c:/Users/niol/vscode-workspace/LaTeX project/main.tex
LaTeX2e <2023-11-01> patch level 1
L3 programming layer <2024-03-14>
(C:\Program Files\Miktex\tex/latex/base\report.cls
Document Class: report 2023/05/17 v1.4n Standard LaTeX document class
(C:\Program Files\Miktex\tex/latex/base\size10.clo
File: size10.clo 2023/05/17 v1.4n Standard LaTeX file (size option)
)
\c@part=\count188
\c@chapter=\count189
\c@section=\count190
\c@subsection=\count191
\c@subsubsection=\count192
\c@paragraph=\count193
\c@subparagraph=\count194
\c@figure=\count195
\c@table=\count196
\abovecaptionskip=\skip48
\belowcaptionskip=\skip49
\bibindent=\dimen140
) (C:\Program Files\Miktex\tex/latex/base\inputenc.sty
Package: inputenc 2021/02/14 v1.3d Input encoding file
\inpenc@prehook=\toks17
\inpenc@posthook=\toks18
) (C:\Program Files\Miktex\tex/latex/graphics\graphicx.sty
Package: graphicx 2021/09/16 v1.2d Enhanced LaTeX Graphics (DPC,SPQR)
 (C:\Program Files\Miktex\tex/latex/graphics\keyval.sty
Package: keyval 2022/05/29 v1.15 key=value parser (DPC)
\KV@toks@=\toks19
) (C:\Program Files\Miktex\tex/latex/graphics\graphics.sty
Package: graphics 2022/03/10 v1.4e Standard LaTeX Graphics (DPC,SPQR)
 (C:\Program Files\Miktex\tex/latex/graphics\trig.sty
Package: trig 2021/08/11 v1.11 sin cos tan (DPC)
) (C:\Program Files\Miktex\tex/latex/graphics-cfg\graphics.cfg
File: graphics.cfg 2016/06/04 v1.11 sample graphics configuration
)
Package graphics Info: Driver file: pdftex.def on input line 107.
 (C:\Program Files\Miktex\tex/latex/graphics-def\pdftex.def
File: pdftex.def 2022/09/22 v1.2b Graphics/color driver for pdftex
))
\Gin@req@height=\dimen141
\Gin@req@width=\dimen142
) (C:\Program Files\Miktex\tex/latex/psnfss\mathptmx.sty
Package: mathptmx 2020/03/25 PSNFSS-v9.3 Times w/ Math, improved (SPQR, WaS) 
LaTeX Font Info:    Redeclaring symbol font `operators' on input line 28.
LaTeX Font Info:    Overwriting symbol font `operators' in version `normal'
(Font)                  OT1/cmr/m/n --> OT1/ztmcm/m/n on input line 28.
LaTeX Font Info:    Overwriting symbol font `operators' in version `bold'
(Font)                  OT1/cmr/bx/n --> OT1/ztmcm/m/n on input line 28.
LaTeX Font Info:    Redeclaring symbol font `letters' on input line 29.
LaTeX Font Info:    Overwriting symbol font `letters' in version `normal'
(Font)                  OML/cmm/m/it --> OML/ztmcm/m/it on input line 29.
LaTeX Font Info:    Overwriting symbol font `letters' in version `bold'
(Font)                  OML/cmm/b/it --> OML/ztmcm/m/it on input line 29.
LaTeX Font Info:    Redeclaring symbol font `symbols' on input line 30.
LaTeX Font Info:    Overwriting symbol font `symbols' in version `normal'
(Font)                  OMS/cmsy/m/n --> OMS/ztmcm/m/n on input line 30.
LaTeX Font Info:    Overwriting symbol font `symbols' in version `bold'
(Font)                  OMS/cmsy/b/n --> OMS/ztmcm/m/n on input line 30.
LaTeX Font Info:    Redeclaring symbol font `largesymbols' on input line 31.
LaTeX Font Info:    Overwriting symbol font `largesymbols' in version `normal'
(Font)                  OMX/cmex/m/n --> OMX/ztmcm/m/n on input line 31.
LaTeX Font Info:    Overwriting symbol font `largesymbols' in version `bold'
(Font)                  OMX/cmex/m/n --> OMX/ztmcm/m/n on input line 31.
\symbold=\mathgroup4
\symitalic=\mathgroup5
LaTeX Font Info:    Redeclaring math alphabet \mathbf on input line 34.
LaTeX Font Info:    Overwriting math alphabet `\mathbf' in version `normal'
(Font)                  OT1/cmr/bx/n --> OT1/ptm/bx/n on input line 34.
LaTeX Font Info:    Overwriting math alphabet `\mathbf' in version `bold'
(Font)                  OT1/cmr/bx/n --> OT1/ptm/bx/n on input line 34.
LaTeX Font Info:    Redeclaring math alphabet \mathit on input line 35.
LaTeX Font Info:    Overwriting math alphabet `\mathit' in version `normal'
(Font)                  OT1/cmr/m/it --> OT1/ptm/m/it on input line 35.
LaTeX Font Info:    Overwriting math alphabet `\mathit' in version `bold'
(Font)                  OT1/cmr/bx/it --> OT1/ptm/m/it on input line 35.
LaTeX Info: Redefining \hbar on input line 50.
) (C:\Program Files\Miktex\tex/latex/geometry\geometry.sty
Package: geometry 2020/01/02 v5.9 Page Geometry
 (C:\Program Files\Miktex\tex/generic/iftex\ifvtex.sty
Package: ifvtex 2019/10/25 v1.7 ifvtex legacy package. Use iftex instead.
 (C:\Program Files\Miktex\tex/generic/iftex\iftex.sty
Package: iftex 2022/02/03 v1.0f TeX engine tests
))
\Gm@cnth=\count197
\Gm@cntv=\count198
\c@Gm@tempcnt=\count199
\Gm@bindingoffset=\dimen143
\Gm@wd@mp=\dimen144
\Gm@odd@mp=\dimen145
\Gm@even@mp=\dimen146
\Gm@layoutwidth=\dimen147
\Gm@layoutheight=\dimen148
\Gm@layouthoffset=\dimen149
\Gm@layoutvoffset=\dimen150
\Gm@dimlist=\toks20
 (C:\Program Files\Miktex\tex/latex/geometry\geometry.cfg)) (C:\Program Files\Miktex\tex/latex/blindtext\blindtext.sty
Package: blindtext 2012/01/06 V2.0 blindtext-Package
 (C:\Program Files\Miktex\tex/latex/tools\xspace.sty
Package: xspace 2014/10/28 v1.13 Space after command names (DPC,MH)
)
\c@blindtext=\count266
\c@Blindtext=\count267
\c@blind@countparstart=\count268
\blind@countxx=\count269
\blindtext@numBlindtext=\count270
\blind@countyy=\count271
\c@blindlist=\count272
\c@blindlistlevel=\count273
\c@blindlist@level=\count274
\blind@listitem=\count275
\c@blind@listcount=\count276
\c@blind@levelcount=\count277
\blind@mathformula=\count278
\blind@Mathformula=\count279
\c@blind@randomcount=\count280
\c@blind@randommax=\count281
\c@blind@pangramcount=\count282
\c@blind@pangrammax=\count283
) (C:\Program Files\Miktex\tex/latex/tools\multicol.sty
Package: multicol 2023/03/30 v1.9f multicolumn formatting (FMi)
\c@tracingmulticols=\count284
\mult@box=\box51
\multicol@leftmargin=\dimen151
\c@unbalance=\count285
\c@collectmore=\count286
\doublecol@number=\count287
\multicoltolerance=\count288
\multicolpretolerance=\count289
\full@width=\dimen152
\page@free=\dimen153
\premulticols=\dimen154
\postmulticols=\dimen155
\multicolsep=\skip50
\multicolbaselineskip=\skip51
\partial@page=\box52
\last@line=\box53
\mc@boxedresult=\box54
\maxbalancingoverflow=\dimen156
\mult@rightbox=\box55
\mult@grightbox=\box56
\mult@firstbox=\box57
\mult@gfirstbox=\box58
\@tempa=\box59
\@tempa=\box60
\@tempa=\box61
\@tempa=\box62
\@tempa=\box63
\@tempa=\box64
\@tempa=\box65
\@tempa=\box66
\@tempa=\box67
\@tempa=\box68
\@tempa=\box69
\@tempa=\box70
\@tempa=\box71
\@tempa=\box72
\@tempa=\box73
\@tempa=\box74
\@tempa=\box75
\@tempa=\box76
\@tempa=\box77
\@tempa=\box78
\@tempa=\box79
\@tempa=\box80
\@tempa=\box81
\@tempa=\box82
\@tempa=\box83
\@tempa=\box84
\@tempa=\box85
\@tempa=\box86
\@tempa=\box87
\@tempa=\box88
\@tempa=\box89
\@tempa=\box90
\@tempa=\box91
\@tempa=\box92
\@tempa=\box93
\@tempa=\box94
\c@minrows=\count290
\c@columnbadness=\count291
\c@finalcolumnbadness=\count292
\last@try=\dimen157
\multicolovershoot=\dimen158
\multicolundershoot=\dimen159
\mult@nat@firstbox=\box95
\colbreak@box=\box96
\mc@col@check@num=\count293
) (C:\Program Files\Miktex\tex/latex/datetime\datetime.sty
Package: datetime 2015/03/20 v2.60 Date Time Package
 (C:\Program Files\Miktex\tex/latex/etoolbox\etoolbox.sty
Package: etoolbox 2020/10/05 v2.5k e-TeX tools for LaTeX (JAW)
\etb@tempcnta=\count294
) (C:\Program Files\Miktex\tex/latex/fmtcount\fmtcount.sty
Package: fmtcount 2020/01/30 v3.07
 (C:\Program Files\Miktex\tex/latex/base\ifthen.sty
Package: ifthen 2022/04/13 v1.1d Standard LaTeX ifthen package (DPC)
) (C:\Program Files\Miktex\tex/latex/xkeyval\xkeyval.sty
Package: xkeyval 2022/06/16 v2.9 package option processing (HA)
 (C:\Program Files\Miktex\tex/generic/xkeyval\xkeyval.tex (C:\Program Files\Miktex\tex/generic/xkeyval\xkvutils.tex
\XKV@toks=\toks21
\XKV@tempa@toks=\toks22
)
\XKV@depth=\count295
File: xkeyval.tex 2014/12/03 v2.7a key=value parser (HA)
)) (C:\Program Files\Miktex\tex/latex/fmtcount\fcprefix.sty
Package: fcprefix 2012/09/28
 (C:\Program Files\Miktex\tex/latex/fmtcount\fcnumparser.sty
Package: fcnumparser 2017/06/15
\fc@digit@counter=\count296
)) (C:\Program Files\Miktex\tex/latex/amsmath\amsgen.sty
File: amsgen.sty 1999/11/30 v2.0 generic functions
\@emptytoks=\toks23
\ex@=\dimen160
)
\c@padzeroesN=\count297
\fc@tmpcatcode=\count298
\@DT@modctr=\count299
\@ordinalctr=\count300
\@orgargctr=\count301
\@strctr=\count302
\@tmpstrctr=\count303
\@DT@loopN=\count304
\@DT@X=\count305
) (C:\Program Files\Miktex\tex/latex/datetime\datetime-defaults.sty
Package: datetime-defaults 2013/09/10
)
\@day=\count306
\@month=\count307
\@year=\count308
\c@HOUR=\count309
\c@HOURXII=\count310
\c@MINUTE=\count311
\c@TOHOUR=\count312
\c@TOMINUTE=\count313
\c@SECOND=\count314
\currenthour=\count315
\currentminute=\count316
\currentsecond=\count317
Package datetime Info: No datetime.cfg file found, using default settings on input line 308.
\@dtctr=\count318
\dayofyear=\count319
\dayofweek=\count320
LaTeX Info: Redefining \today on input line 736.
\dt@a=\toks24
\dt@b=\toks25
) (C:\Program Files\Miktex\tex/latex/titlesec\titlesec.sty
Package: titlesec 2023/10/27 v2.16 Sectioning titles
\ttl@box=\box97
\beforetitleunit=\skip52
\aftertitleunit=\skip53
\ttl@plus=\dimen161
\ttl@minus=\dimen162
\ttl@toksa=\toks26
\titlewidth=\dimen163
\titlewidthlast=\dimen164
\titlewidthfirst=\dimen165
) (C:\Program Files\Miktex\tex/latex/type1cm\type1cm.sty
Package: type1cm 2002/09/05 v0.04 BlueSky/Y&Y Type1 CM font definitions (DPC, patched RF)
) (C:\Program Files\Miktex\tex/latex/l3packages/xparse\xparse.sty (C:\Program Files\Miktex\tex/latex/l3kernel\expl3.sty
Package: expl3 2024-03-14 L3 programming layer (loader) 
 (C:\Program Files\Miktex\tex/latex/l3backend\l3backend-pdftex.def
File: l3backend-pdftex.def 2024-03-14 L3 backend support: PDF output (pdfTeX)
\l__color_backend_stack_int=\count321
\l__pdf_internal_box=\box98
))
Package: xparse 2024-03-14 L3 Experimental document command parser
) (C:\Program Files\Miktex\tex/latex/setspace\setspace.sty
Package: setspace 2022/12/04 v6.7b set line spacing
) (C:\Program Files\Miktex\tex/latex/lettrine\lettrine.sty
File: lettrine.sty 2024-01-20 v2.60 (Daniel Flipo)
 (C:\Program Files\Miktex\tex/latex/l3packages/xfp\xfp.sty
Package: xfp 2024-03-14 L3 Floating point unit
)
\c@DefaultLines=\count322
\c@DefaultDepth=\count323
\DefaultFindent=\dimen166
\DefaultNindent=\dimen167
\DefaultSlope=\dimen168
\DiscardVskip=\dimen169
\L@lettrine=\box99
\L@lbox=\box100
\L@tbox=\box101
\c@L@lines=\count324
\c@L@depth=\count325
\L@Pindent=\dimen170
\L@Findent=\dimen171
\L@Nindent=\dimen172
\L@lraise=\dimen173
\L@first=\dimen174
\L@next=\dimen175
\L@slope=\dimen176
\L@height=\dimen177
\L@novskip=\dimen178
\L@ruleht=\dimen179
\L@target@ht=\dimen180
\L@target@dp=\dimen181
\L@target@tht=\dimen182
\LettrineWidth=\dimen183
\LettrineHeight=\dimen184
\LettrineDepth=\dimen185

Loading lettrine.cfg
(C:\Program Files\Miktex\tex/latex/lettrine\lettrine.cfg)
\Llist@everypar=\toks27
) (C:\Program Files\Miktex\tex/latex/hyperref\hyperref.sty
Package: hyperref 2024-01-20 v7.01h Hypertext links for LaTeX
 (C:\Program Files\Miktex\tex/latex/kvsetkeys\kvsetkeys.sty
Package: kvsetkeys 2022-10-05 v1.19 Key value parser (HO)
) (C:\Program Files\Miktex\tex/generic/kvdefinekeys\kvdefinekeys.sty
Package: kvdefinekeys 2019-12-19 v1.6 Define keys (HO)
) (C:\Program Files\Miktex\tex/generic/pdfescape\pdfescape.sty
Package: pdfescape 2019/12/09 v1.15 Implements pdfTeX's escape features (HO)
 (C:\Program Files\Miktex\tex/generic/ltxcmds\ltxcmds.sty
Package: ltxcmds 2023-12-04 v1.26 LaTeX kernel commands for general use (HO)
) (C:\Program Files\Miktex\tex/generic/pdftexcmds\pdftexcmds.sty
Package: pdftexcmds 2020-06-27 v0.33 Utility functions of pdfTeX for LuaTeX (HO)
 (C:\Program Files\Miktex\tex/generic/infwarerr\infwarerr.sty
Package: infwarerr 2019/12/03 v1.5 Providing info/warning/error messages (HO)
)
Package pdftexcmds Info: \pdf@primitive is available.
Package pdftexcmds Info: \pdf@ifprimitive is available.
Package pdftexcmds Info: \pdfdraftmode found.
)) (C:\Program Files\Miktex\tex/latex/hycolor\hycolor.sty
Package: hycolor 2020-01-27 v1.10 Color options for hyperref/bookmark (HO)
) (C:\Program Files\Miktex\tex/latex/auxhook\auxhook.sty
Package: auxhook 2019-12-17 v1.6 Hooks for auxiliary files (HO)
) (C:\Program Files\Miktex\tex/latex/hyperref\nameref.sty
Package: nameref 2023-11-26 v2.56 Cross-referencing by name of section
 (C:\Program Files\Miktex\tex/latex/refcount\refcount.sty
Package: refcount 2019/12/15 v3.6 Data extraction from label references (HO)
) (C:\Program Files\Miktex\tex/generic/gettitlestring\gettitlestring.sty
Package: gettitlestring 2019/12/15 v1.6 Cleanup title references (HO)
 (C:\Program Files\Miktex\tex/latex/kvoptions\kvoptions.sty
Package: kvoptions 2022-06-15 v3.15 Key value format for package options (HO)
))
\c@section@level=\count326
)
\@linkdim=\dimen186
\Hy@linkcounter=\count327
\Hy@pagecounter=\count328
 (C:\Program Files\Miktex\tex/latex/hyperref\pd1enc.def
File: pd1enc.def 2024-01-20 v7.01h Hyperref: PDFDocEncoding definition (HO)
Now handling font encoding PD1 ...
... no UTF-8 mapping file for font encoding PD1
) (C:\Program Files\Miktex\tex/generic/intcalc\intcalc.sty
Package: intcalc 2019/12/15 v1.3 Expandable calculations with integers (HO)
)
\Hy@SavedSpaceFactor=\count329
 (C:\Program Files\Miktex\tex/latex/hyperref\puenc.def
File: puenc.def 2024-01-20 v7.01h Hyperref: PDF Unicode definition (HO)
Now handling font encoding PU ...
... no UTF-8 mapping file for font encoding PU
)
Package hyperref Info: Option `bookmarks' set `true' on input line 4062.
Package hyperref Info: Option `bookmarksopen' set `true' on input line 4062.
Package hyperref Info: Option `bookmarksnumbered' set `true' on input line 4062.
Package hyperref Info: Option `pdfpagelabels' set `true' on input line 4062.
Package hyperref Info: Option `colorlinks' set `true' on input line 4062.
Package hyperref Info: Option `plainpages' set `false' on input line 4062.
Package hyperref Info: Option `hypertexnames' set `true' on input line 4062.
Package hyperref Info: Option `linktocpage' set `true' on input line 4062.
Package hyperref Info: Hyper figures OFF on input line 4179.
Package hyperref Info: Link nesting OFF on input line 4184.
Package hyperref Info: Hyper index ON on input line 4187.
Package hyperref Info: Plain pages OFF on input line 4194.
Package hyperref Info: Backreferencing OFF on input line 4199.
Package hyperref Info: Implicit mode ON; LaTeX internals redefined.
Package hyperref Info: Bookmarks ON on input line 4446.
\c@Hy@tempcnt=\count330
 (C:\Program Files\Miktex\tex/latex/url\url.sty
\Urlmuskip=\muskip16
Package: url 2013/09/16  ver 3.4  Verb mode for urls, etc.
)
LaTeX Info: Redefining \url on input line 4784.
\XeTeXLinkMargin=\dimen187
 (C:\Program Files\Miktex\tex/generic/bitset\bitset.sty
Package: bitset 2019/12/09 v1.3 Handle bit-vector datatype (HO)
 (C:\Program Files\Miktex\tex/generic/bigintcalc\bigintcalc.sty
Package: bigintcalc 2019/12/15 v1.5 Expandable calculations on big integers (HO)
))
\Fld@menulength=\count331
\Field@Width=\dimen188
\Fld@charsize=\dimen189
Package hyperref Info: Hyper figures OFF on input line 6063.
Package hyperref Info: Link nesting OFF on input line 6068.
Package hyperref Info: Hyper index ON on input line 6071.
Package hyperref Info: backreferencing OFF on input line 6078.
Package hyperref Info: Link coloring ON on input line 6081.
Package hyperref Info: Link coloring with OCG OFF on input line 6088.
Package hyperref Info: PDF/A mode OFF on input line 6093.
 (C:\Program Files\Miktex\tex/latex/base\atbegshi-ltx.sty
Package: atbegshi-ltx 2021/01/10 v1.0c Emulation of the original atbegshi
package with kernel methods
)
\Hy@abspage=\count332
\c@Item=\count333
\c@Hfootnote=\count334
)
Package hyperref Info: Driver (autodetected): hpdftex.
 (C:\Program Files\Miktex\tex/latex/hyperref\hpdftex.def
File: hpdftex.def 2024-01-20 v7.01h Hyperref driver for pdfTeX
 (C:\Program Files\Miktex\tex/latex/base\atveryend-ltx.sty
Package: atveryend-ltx 2020/08/19 v1.0a Emulation of the original atveryend package
with kernel methods
)
\Fld@listcount=\count335
\c@bookmark@seq@number=\count336
 (C:\Program Files\Miktex\tex/latex/rerunfilecheck\rerunfilecheck.sty
Package: rerunfilecheck 2022-07-10 v1.10 Rerun checks for auxiliary files (HO)
 (C:\Program Files\Miktex\tex/generic/uniquecounter\uniquecounter.sty
Package: uniquecounter 2019/12/15 v1.4 Provide unlimited unique counter (HO)
)
Package uniquecounter Info: New unique counter `rerunfilecheck' on input line 285.
)
\Hy@SectionHShift=\skip54
) (C:\Program Files\Miktex\tex/latex/lastpage\lastpage.sty
Package: lastpage 2023/10/14 v2.0e lastpage: 2.09 or 2e? (HMM)
 (C:\Program Files\Miktex\tex/latex/lastpage\lastpage2e.sty
Package: lastpage2e 2023/10/14 v2.0e Decide which 2e lastpage version to use (HMM)
 (C:\Program Files\Miktex\tex/latex/lastpage\lastpagemodern.sty
Package: lastpagemodern 2023-10-14 v2.0e Refers to last page's name (HMM; JPG)
\c@lastpagecount=\count337
) 
)) (C:\Program Files\Miktex\tex/latex/fancyhdr\fancyhdr.sty
Package: fancyhdr 2022/11/09 v4.1 Extensive control of page headers and footers
\f@nch@headwidth=\skip55
\f@nch@O@elh=\skip56
\f@nch@O@erh=\skip57
\f@nch@O@olh=\skip58
\f@nch@O@orh=\skip59
\f@nch@O@elf=\skip60
\f@nch@O@erf=\skip61
\f@nch@O@olf=\skip62
\f@nch@O@orf=\skip63
) (C:\Program Files\Miktex\tex/latex/tools\afterpage.sty
Package: afterpage 2023/07/04 v1.08 After-Page Package (DPC)
\AP@output=\toks28
\AP@partial=\box102
\AP@footins=\box103
) (C:\Program Files\Miktex\tex/latex/glossaries/base\glossaries.sty
Package: glossaries 2023/09/29 v4.53 (NLCT)
 (C:\Program Files\Miktex\tex/latex/mfirstuc\mfirstuc.sty
Package: mfirstuc 2022/10/14 v2.08 (NLCT)
\@glsmfirst=\toks29
\@glsmrest=\toks30
) (C:\Program Files\Miktex\tex/latex/xfor\xfor.sty
Package: xfor 2009/02/05 v1.05 (NLCT)
) (C:\Program Files\Miktex\tex/latex/datatool\datatool-base.sty
Package: datatool-base 2019/09/27 v2.32 (NLCT)
 (C:\Program Files\Miktex\tex/latex/amsmath\amsmath.sty
Package: amsmath 2023/05/13 v2.17o AMS math features
\@mathmargin=\skip64

For additional information on amsmath, use the `?' option.
(C:\Program Files\Miktex\tex/latex/amsmath\amstext.sty
Package: amstext 2021/08/26 v2.01 AMS text
) (C:\Program Files\Miktex\tex/latex/amsmath\amsbsy.sty
Package: amsbsy 1999/11/29 v1.2d Bold Symbols
\pmbraise@=\dimen190
) (C:\Program Files\Miktex\tex/latex/amsmath\amsopn.sty
Package: amsopn 2022/04/08 v2.04 operator names
)
\inf@bad=\count338
LaTeX Info: Redefining \frac on input line 234.
\uproot@=\count339
\leftroot@=\count340
LaTeX Info: Redefining \overline on input line 399.
LaTeX Info: Redefining \colon on input line 410.
\classnum@=\count341
\DOTSCASE@=\count342
LaTeX Info: Redefining \ldots on input line 496.
LaTeX Info: Redefining \dots on input line 499.
LaTeX Info: Redefining \cdots on input line 620.
\Mathstrutbox@=\box104
\strutbox@=\box105
LaTeX Info: Redefining \big on input line 722.
LaTeX Info: Redefining \Big on input line 723.
LaTeX Info: Redefining \bigg on input line 724.
LaTeX Info: Redefining \Bigg on input line 725.
\big@size=\dimen191
LaTeX Font Info:    Redeclaring font encoding OML on input line 743.
LaTeX Font Info:    Redeclaring font encoding OMS on input line 744.
\macc@depth=\count343
LaTeX Info: Redefining \bmod on input line 905.
LaTeX Info: Redefining \pmod on input line 910.
LaTeX Info: Redefining \smash on input line 940.
LaTeX Info: Redefining \relbar on input line 970.
LaTeX Info: Redefining \Relbar on input line 971.
\c@MaxMatrixCols=\count344
\dotsspace@=\muskip17
\c@parentequation=\count345
\dspbrk@lvl=\count346
\tag@help=\toks31
\row@=\count347
\column@=\count348
\maxfields@=\count349
\andhelp@=\toks32
\eqnshift@=\dimen192
\alignsep@=\dimen193
\tagshift@=\dimen194
\tagwidth@=\dimen195
\totwidth@=\dimen196
\lineht@=\dimen197
\@envbody=\toks33
\multlinegap=\skip65
\multlinetaggap=\skip66
\mathdisplay@stack=\toks34
LaTeX Info: Redefining \[ on input line 2953.
LaTeX Info: Redefining \] on input line 2954.
) (C:\Program Files\Miktex\tex/latex/substr\substr.sty
Package: substr 2009/10/20 v1.2 Handle substrings
\c@su@anzahl=\count350
) (C:\Program Files\Miktex\tex/latex/datatool\datatool-fp.sty
Package: datatool-fp 2019/09/27 v2.32 (NLCT)
 (C:\Program Files\Miktex\tex/latex/fp\fp.sty
Package: fp 1995/04/02
 `Fixed Point Package', Version 0.8, April 2, 1995 (C) Michael Mehlich (C:\Program Files\Miktex\tex/latex/fp\defpattern.sty
Package: defpattern 1994/10/12
\actioncount=\count351
) (C:\Program Files\Miktex\tex/latex/fp\fp-basic.sty
Package: fp-basic 1996/05/13
\FP@xs=\count352
\FP@xia=\count353
\FP@xib=\count354
\FP@xfa=\count355
\FP@xfb=\count356
\FP@rega=\count357
\FP@regb=\count358
\FP@regs=\count359
\FP@times=\count360
) (C:\Program Files\Miktex\tex/latex/fp\fp-addons.sty
Package: fp-addons 1995/03/15
) (C:\Program Files\Miktex\tex/latex/fp\fp-snap.sty
Package: fp-snap 1995/04/05
) (C:\Program Files\Miktex\tex/latex/fp\fp-exp.sty
Package: fp-exp 1995/04/03
) (C:\Program Files\Miktex\tex/latex/fp\fp-trigo.sty
Package: fp-trigo 1995/04/14
) (C:\Program Files\Miktex\tex/latex/fp\fp-pas.sty
Package: fp-pas 1994/08/29
) (C:\Program Files\Miktex\tex/latex/fp\fp-random.sty
Package: fp-random 1995/02/23
\FPseed=\count361
) (C:\Program Files\Miktex\tex/latex/fp\fp-eqn.sty
Package: fp-eqn 1995/04/03
) (C:\Program Files\Miktex\tex/latex/fp\fp-upn.sty
Package: fp-upn 1996/10/21
) (C:\Program Files\Miktex\tex/latex/fp\fp-eval.sty
Package: fp-eval 1995/04/03
)))
\@dtl@toks=\toks35
\@dtl@tmpcount=\count362
\dtl@tmplength=\skip67
\dtl@sortresult=\count363
\@dtl@numgrpsepcount=\count364
\@dtl@datatype=\count365
\dtl@codeA=\count366
\dtl@codeB=\count367
\@dtl@foreach@level=\count368
)
\gls@level=\count369
\@gls@tmpb=\toks36
\gls@tmplen=\skip68
\glskeylisttok=\toks37
\glslabeltok=\toks38
\glsshorttok=\toks39
\glslongtok=\toks40
 (C:\Program Files\Miktex\tex/latex/glossaries/styles\glossary-hypernav.sty
Package: glossary-hypernav 2023/09/29 v4.53 (NLCT)
) (C:\Program Files\Miktex\tex/latex/glossaries/styles\glossary-list.sty
Package: glossary-list 2023/09/29 v4.53 (NLCT)
\glslistdottedwidth=\skip69
) (C:\Program Files\Miktex\tex/latex/glossaries/styles\glossary-long.sty
Package: glossary-long 2023/09/29 v4.53 (NLCT)
 (C:\Program Files\Miktex\tex/latex/tools\longtable.sty
Package: longtable 2023-11-01 v4.19 Multi-page Table package (DPC)
\LTleft=\skip70
\LTright=\skip71
\LTpre=\skip72
\LTpost=\skip73
\LTchunksize=\count370
\LTcapwidth=\dimen198
\LT@head=\box106
\LT@firsthead=\box107
\LT@foot=\box108
\LT@lastfoot=\box109
\LT@gbox=\box110
\LT@cols=\count371
\LT@rows=\count372
\c@LT@tables=\count373
\c@LT@chunks=\count374
\LT@p@ftn=\toks41
)
\glsdescwidth=\skip74
\glspagelistwidth=\skip75
) (C:\Program Files\Miktex\tex/latex/glossaries/styles\glossary-super.sty
Package: glossary-super 2023/09/29 v4.53 (NLCT)
 (C:\Program Files\Miktex\tex/latex/supertabular\supertabular.sty
Package: supertabular 2020/02/02 v4.1g the supertabular environment
\c@tracingst=\count375
\ST@wd=\dimen199
\ST@rightskip=\skip76
\ST@leftskip=\skip77
\ST@parfillskip=\skip78
\ST@pageleft=\dimen256
\ST@headht=\dimen257
\ST@tailht=\dimen258
\ST@pagesofar=\dimen259
\ST@pboxht=\dimen260
\ST@lineht=\dimen261
\ST@prevht=\dimen262
\ST@toadd=\dimen263
\ST@dimen=\dimen264
\ST@pbox=\box111
)) (C:\Program Files\Miktex\tex/latex/glossaries/styles\glossary-tree.sty
Package: glossary-tree 2023/09/29 v4.53 (NLCT)
\glstreeindent=\skip79
)) (C:\Program Files\Miktex\tex/latex/mhchem\mhchem.sty
Package: mhchem 2024/01/29 v4.10 for typesetting chemical formulae
 (C:\Program Files\Miktex\tex/latex/l3packages/l3keys2e\l3keys2e.sty
Package: l3keys2e 2024-03-14 LaTeX2e option processing using LaTeX3 keys
) (C:\Program Files\Miktex\tex/latex/tools\calc.sty
Package: calc 2023/07/08 v4.3 Infix arithmetic (KKT,FJ)
\calc@Acount=\count376
\calc@Bcount=\count377
\calc@Adimen=\dimen265
\calc@Bdimen=\dimen266
\calc@Askip=\skip80
\calc@Bskip=\skip81
LaTeX Info: Redefining \setlength on input line 80.
LaTeX Info: Redefining \addtolength on input line 81.
\calc@Ccount=\count378
\calc@Cskip=\skip82
) (C:\Program Files\Miktex\tex/latex/chemgreek\chemgreek.sty
Package: chemgreek 2020/01/16 v1.1a interface for upright Greek letters for use in chemistry (CN)
\l__chemgreek_tmpa_int=\count379
\g__chemgreek_tmpa_int=\count380
)
\l__mhchem_ce_distanceFromLastComma_int=\count381
\__mhchem_arrow_extPgfLength_skip=\skip83
\mhchem@minispace@tmp=\skip84
\mhchem@minibackspace@tmp=\skip85
\mhchem@bondwidth=\skip86
\mhchem@bondheight=\skip87
\mhchem@smallbondwidth@tmpA=\skip88
\mhchem@smallbondwidth@tmpB=\skip89
\mhchem@smallbondwidth=\skip90
\mhchem@bondtmp@minussidebearingleft=\skip91
\mhchem@bondtmp@minussidebearingright=\skip92
\l__mhchem_option_version_int=\count382
\mhchem@option@minusmathsidebearingleft=\dimen267
\mhchem@option@minusmathsidebearingright=\dimen268
\mhchem@option@minustextsidebearingleft=\dimen269
\mhchem@option@minustextsidebearingright=\dimen270
) (C:\Program Files\Miktex\tex/latex/tools\array.sty
Package: array 2023/10/16 v2.5g Tabular extension package (FMi)
\col@sep=\dimen271
\ar@mcellbox=\box112
\extrarowheight=\dimen272
\NC@list=\toks42
\extratabsurround=\skip93
\backup@length=\skip94
\ar@cellbox=\box113
) (C:\Program Files\Miktex\tex/latex/biblatex\biblatex.sty
Package: biblatex 2023/03/05 v3.19 programmable bibliographies (PK/MW)
 (C:\Program Files\Miktex\tex/latex/logreq\logreq.sty
Package: logreq 2010/08/04 v1.0 xml request logger
\lrq@indent=\count383
 (C:\Program Files\Miktex\tex/latex/logreq\logreq.def
File: logreq.def 2010/08/04 v1.0 logreq spec v1.0
))
\c@tabx@nest=\count384
\c@listtotal=\count385
\c@listcount=\count386
\c@liststart=\count387
\c@liststop=\count388
\c@citecount=\count389
\c@citetotal=\count390
\c@multicitecount=\count391
\c@multicitetotal=\count392
\c@instcount=\count393
\c@maxnames=\count394
\c@minnames=\count395
\c@maxitems=\count396
\c@minitems=\count397
\c@citecounter=\count398
\c@maxcitecounter=\count399
\c@savedcitecounter=\count400
\c@uniquelist=\count401
\c@uniquename=\count402
\c@refsection=\count403
\c@refsegment=\count404
\c@maxextratitle=\count405
\c@maxextratitleyear=\count406
\c@maxextraname=\count407
\c@maxextradate=\count408
\c@maxextraalpha=\count409
\c@abbrvpenalty=\count410
\c@highnamepenalty=\count411
\c@lownamepenalty=\count412
\c@maxparens=\count413
\c@parenlevel=\count414
\blx@tempcnta=\count415
\blx@tempcntb=\count416
\blx@tempcntc=\count417
\c@blx@maxsection=\count418
\blx@maxsegment@0=\count419
\blx@notetype=\count420
\blx@parenlevel@text=\count421
\blx@parenlevel@foot=\count422
\blx@sectionciteorder@0=\count423
\blx@sectionciteorderinternal@0=\count424
\blx@entrysetcounter=\count425
\blx@biblioinstance=\count426
\labelnumberwidth=\skip95
\labelalphawidth=\skip96
\biblabelsep=\skip97
\bibitemsep=\skip98
\bibnamesep=\skip99
\bibinitsep=\skip100
\bibparsep=\skip101
\bibhang=\skip102
\blx@bcfin=\read2
\blx@bcfout=\write3
\blx@langwohyphens=\language84
\c@mincomprange=\count427
\c@maxcomprange=\count428
\c@mincompwidth=\count429
Package biblatex Info: Trying to load biblatex default data model...
Package biblatex Info: ... file 'blx-dm.def' found.
 (C:\Program Files\Miktex\tex/latex/biblatex\blx-dm.def
File: blx-dm.def 2023/03/05 v3.19 biblatex localization (PK/MW)
)
Package biblatex Info: Trying to load biblatex custom data model...
Package biblatex Info: ... file 'biblatex-dm.cfg' not found.
\c@afterword=\count430
\c@savedafterword=\count431
\c@annotator=\count432
\c@savedannotator=\count433
\c@author=\count434
\c@savedauthor=\count435
\c@bookauthor=\count436
\c@savedbookauthor=\count437
\c@commentator=\count438
\c@savedcommentator=\count439
\c@editor=\count440
\c@savededitor=\count441
\c@editora=\count442
\c@savededitora=\count443
\c@editorb=\count444
\c@savededitorb=\count445
\c@editorc=\count446
\c@savededitorc=\count447
\c@foreword=\count448
\c@savedforeword=\count449
\c@holder=\count450
\c@savedholder=\count451
\c@introduction=\count452
\c@savedintroduction=\count453
\c@namea=\count454
\c@savednamea=\count455
\c@nameb=\count456
\c@savednameb=\count457
\c@namec=\count458
\c@savednamec=\count459
\c@translator=\count460
\c@savedtranslator=\count461
\c@shortauthor=\count462
\c@savedshortauthor=\count463
\c@shorteditor=\count464
\c@savedshorteditor=\count465
\c@labelname=\count466
\c@savedlabelname=\count467
\c@institution=\count468
\c@savedinstitution=\count469
\c@lista=\count470
\c@savedlista=\count471
\c@listb=\count472
\c@savedlistb=\count473
\c@listc=\count474
\c@savedlistc=\count475
\c@listd=\count476
\c@savedlistd=\count477
\c@liste=\count478
\c@savedliste=\count479
\c@listf=\count480
\c@savedlistf=\count481
\c@location=\count482
\c@savedlocation=\count483
\c@organization=\count484
\c@savedorganization=\count485
\c@origlocation=\count486
\c@savedoriglocation=\count487
\c@origpublisher=\count488
\c@savedorigpublisher=\count489
\c@publisher=\count490
\c@savedpublisher=\count491
\c@language=\count492
\c@savedlanguage=\count493
\c@origlanguage=\count494
\c@savedoriglanguage=\count495
\c@pageref=\count496
\c@savedpageref=\count497
\shorthandwidth=\skip103
\shortjournalwidth=\skip104
\shortserieswidth=\skip105
\shorttitlewidth=\skip106
\shortauthorwidth=\skip107
\shorteditorwidth=\skip108
\locallabelnumberwidth=\skip109
\locallabelalphawidth=\skip110
\localshorthandwidth=\skip111
\localshortjournalwidth=\skip112
\localshortserieswidth=\skip113
\localshorttitlewidth=\skip114
\localshortauthorwidth=\skip115
\localshorteditorwidth=\skip116
Package biblatex Info: Trying to load compatibility code...
Package biblatex Info: ... file 'blx-compat.def' found.
 (C:\Program Files\Miktex\tex/latex/biblatex\blx-compat.def
File: blx-compat.def 2023/03/05 v3.19 biblatex compatibility (PK/MW)
)
Package biblatex Info: Trying to load BibTeX backend compatibility...
Package biblatex Info: ... file 'blx-bibtex.def' found.
 (C:\Program Files\Miktex\tex/latex/biblatex\blx-bibtex.def
File: blx-bibtex.def 2023/03/05 v3.19 biblatex compatibility (PK/MW)


Package biblatex Warning: Using fall-back bibtex backend:
(biblatex)                functionality may be reduced/unavailable.

)
Package biblatex Info: Trying to load generic definitions...
Package biblatex Info: ... file 'biblatex.def' found.
 (C:\Program Files\Miktex\tex/latex/biblatex\biblatex.def
File: biblatex.def 2023/03/05 v3.19 biblatex compatibility (PK/MW)
\c@textcitecount=\count498
\c@textcitetotal=\count499
\c@textcitemaxnames=\count500
\c@biburlbigbreakpenalty=\count501
\c@biburlbreakpenalty=\count502
\c@biburlnumpenalty=\count503
\c@biburlucpenalty=\count504
\c@biburllcpenalty=\count505
\biburlbigskip=\muskip18
\biburlnumskip=\muskip19
\biburlucskip=\muskip20
\biburllcskip=\muskip21
\c@smartand=\count506
)
Package biblatex Info: Trying to load bibliography style 'numeric'...
Package biblatex Info: ... file 'numeric.bbx' found.
 (C:\Program Files\Miktex\tex/latex/biblatex/bbx\numeric.bbx
File: numeric.bbx 2023/03/05 v3.19 biblatex bibliography style (PK/MW)
Package biblatex Info: Trying to load bibliography style 'standard'...
Package biblatex Info: ... file 'standard.bbx' found.
 (C:\Program Files\Miktex\tex/latex/biblatex/bbx\standard.bbx
File: standard.bbx 2023/03/05 v3.19 biblatex bibliography style (PK/MW)
\c@bbx:relatedcount=\count507
\c@bbx:relatedtotal=\count508
))
Package biblatex Info: Trying to load citation style 'numeric'...
Package biblatex Info: ... file 'numeric.cbx' found.
 (C:\Program Files\Miktex\tex/latex/biblatex/cbx\numeric.cbx
File: numeric.cbx 2023/03/05 v3.19 biblatex citation style (PK/MW)
Package biblatex Info: Redefining '\cite'.
Package biblatex Info: Redefining '\parencite'.
Package biblatex Info: Redefining '\footcite'.
Package biblatex Info: Redefining '\footcitetext'.
Package biblatex Info: Redefining '\smartcite'.
Package biblatex Info: Redefining '\supercite'.
Package biblatex Info: Redefining '\textcite'.
Package biblatex Info: Redefining '\textcites'.
Package biblatex Info: Redefining '\cites'.
Package biblatex Info: Redefining '\parencites'.
Package biblatex Info: Redefining '\smartcites'.
)
Package biblatex Info: Trying to load configuration file...
Package biblatex Info: ... file 'biblatex.cfg' found.
 (C:\Program Files\Miktex\tex/latex/biblatex\biblatex.cfg
File: biblatex.cfg 
)
Package biblatex Info: Input encoding 'utf8' detected.
Package biblatex Info: Document encoding is UTF8 ....
Package biblatex Info: ... and expl3
(biblatex)             2024-03-14 L3 programming layer (loader) 
(biblatex)             is new enough (at least 2020/04/06),
(biblatex)             setting 'casechanger=expl3'.
 (C:\Program Files\Miktex\tex/latex/biblatex\blx-case-expl3.sty
Package: blx-case-expl3 2023/03/05 v3.19 expl3 case changing code for biblatex
)) (C:\Program Files\Miktex\tex/latex/base\fontenc.sty
Package: fontenc 2021/04/29 v2.0v Standard LaTeX package
LaTeX Font Info:    Trying to load font information for T1+ptm on input line 112.
 (C:\Program Files\Miktex\tex/latex/psnfss\t1ptm.fd
File: t1ptm.fd 2001/06/04 font definitions for T1/ptm.
))
\@quotelevel=\count509
\@quotereset=\count510
 (main.aux (chapters/ch_1/ch_1.aux) (chapters/ch_2/ch_2.aux))
\openout1 = `main.aux'.

LaTeX Font Info:    Checking defaults for OML/cmm/m/it on input line 115.
LaTeX Font Info:    ... okay on input line 115.
LaTeX Font Info:    Checking defaults for OMS/cmsy/m/n on input line 115.
LaTeX Font Info:    ... okay on input line 115.
LaTeX Font Info:    Checking defaults for OT1/cmr/m/n on input line 115.
LaTeX Font Info:    ... okay on input line 115.
LaTeX Font Info:    Checking defaults for T1/cmr/m/n on input line 115.
LaTeX Font Info:    ... okay on input line 115.
LaTeX Font Info:    Checking defaults for TS1/cmr/m/n on input line 115.
LaTeX Font Info:    ... okay on input line 115.
LaTeX Font Info:    Checking defaults for OMX/cmex/m/n on input line 115.
LaTeX Font Info:    ... okay on input line 115.
LaTeX Font Info:    Checking defaults for U/cmr/m/n on input line 115.
LaTeX Font Info:    ... okay on input line 115.
LaTeX Font Info:    Checking defaults for PD1/pdf/m/n on input line 115.
LaTeX Font Info:    ... okay on input line 115.
LaTeX Font Info:    Checking defaults for PU/pdf/m/n on input line 115.
LaTeX Font Info:    ... okay on input line 115.
 (C:\Program Files\Miktex\tex/context/base/mkii\supp-pdf.mkii
[Loading MPS to PDF converter (version 2006.09.02).]
\scratchcounter=\count511
\scratchdimen=\dimen273
\scratchbox=\box114
\nofMPsegments=\count512
\nofMParguments=\count513
\everyMPshowfont=\toks43
\MPscratchCnt=\count514
\MPscratchDim=\dimen274
\MPnumerator=\count515
\makeMPintoPDFobject=\count516
\everyMPtoPDFconversion=\toks44
) (C:\Program Files\Miktex\tex/latex/epstopdf-pkg\epstopdf-base.sty
Package: epstopdf-base 2020-01-24 v2.11 Base part for package epstopdf
 (C:\Program Files\Miktex\tex/latex/grfext\grfext.sty
Package: grfext 2019/12/03 v1.3 Manage graphics extensions (HO)
)
Package epstopdf-base Info: Redefining graphics rule for `.eps' on input line 485.
Package grfext Info: Graphics extension search list:
(grfext)             [.pdf,.jpeg,.png,.eps]
(grfext)             \AppendGraphicsExtensions on input line 504.
 (C:\Program Files\Miktex\tex/latex/00miktex\epstopdf-sys.cfg
File: epstopdf-sys.cfg 2021/03/18 v2.0 Configuration of epstopdf for MiKTeX
))
*geometry* driver: auto-detecting
*geometry* detected driver: pdftex
*geometry* verbose mode - [ preamble ] result:
* driver: pdftex
* paper: a4paper
* layout: <same size as paper>
* layoutoffset:(h,v)=(0.0pt,0.0pt)
* bindingoffset: 14.45377pt
* modes: twoside 
* h-part:(L,W,R)=(170.71652pt, 326.97932pt, 85.35826pt)
* v-part:(T,H,B)=(113.81102pt, 588.97205pt, 142.26378pt)
* \paperwidth=597.50787pt
* \paperheight=845.04684pt
* \textwidth=326.97932pt
* \textheight=588.97205pt
* \oddsidemargin=112.9003pt
* \evensidemargin=13.08827pt
* \topmargin=4.54103pt
* \headheight=12.0pt
* \headsep=25.0pt
* \topskip=10.0pt
* \footskip=18.06749pt
* \marginparwidth=121.0pt
* \marginparsep=11.0pt
* \columnsep=10.0pt
* \skip\footins=9.0pt plus 4.0pt minus 2.0pt
* \hoffset=0.0pt
* \voffset=0.0pt
* \mag=1000
* \@twocolumnfalse
* \@twosidetrue
* \@mparswitchtrue
* \@reversemarginfalse
* (1in=72.27pt=25.4mm, 1cm=28.453pt)

(C:\Program Files\Miktex\tex/latex/fmtcount\fc-english.def
File: fc-english.def 2016/01/12
) (C:\Program Files\Miktex\tex/latex/graphics\color.sty
Package: color 2022/01/06 v1.3d Standard LaTeX Color (DPC)
 (C:\Program Files\Miktex\tex/latex/graphics-cfg\color.cfg
File: color.cfg 2016/01/02 v1.6 sample color configuration
)
Package color Info: Driver file: pdftex.def on input line 149.
 (C:\Program Files\Miktex\tex/latex/graphics\mathcolor.ltx))
Package hyperref Info: Link coloring ON on input line 115.
 (main.out) (main.out)
\@outlinefile=\write4
\openout4 = `main.out'.


Package chemgreek Info: Activating mapping `default' on line 115.

Package biblatex Info: Trying to load language 'english'...
Package biblatex Info: ... file 'english.lbx' found.
 (C:\Program Files\Miktex\tex/latex/biblatex/lbx\english.lbx
File: english.lbx 2023/03/05 v3.19 biblatex localization (PK/MW)
)
Package biblatex Info: Input encoding 'utf8' detected.
Package biblatex Info: Automatic encoding selection.
(biblatex)             Assuming data encoding 'utf8'.
Package biblatex Info: Input encoding 'utf8' detected.
Package biblatex Info: Data encoding 'utf8' specified.
(biblatex)             No need to reencode data.
\openout3 = `main-blx.bib'.

Package biblatex Info: Trying to load bibliographic data...
Package biblatex Info: ... file 'main.bbl' found.
 (main.bbl)
Package biblatex Info: Reference section=0 on input line 115.
Package biblatex Info: Reference segment=0 on input line 115.
<figures/logo.jpg, id=39, 4338.2075pt x 1003.75pt>
File: figures/logo.jpg Graphic file (type jpg)
<use figures/logo.jpg>
Package pdftex.def Info: figures/logo.jpg  used on input line 118.
(pdftex.def)             Requested size: 325.35153pt x 75.278pt.
 [1

{C:/ProgramData/MiKTeX/fonts/map/pdftex/pdftex.map}{C:/Program Files/Miktex/fonts/enc/dvips/base/8r.enc} <./figures/logo.jpg>] [1

] [2] [3] [4

] (main.toc
LaTeX Font Info:    Trying to load font information for OT1+ztmcm on input line 2.
 (C:\Program Files\Miktex\tex/latex/psnfss\ot1ztmcm.fd
File: ot1ztmcm.fd 2000/01/03 Fontinst v1.801 font definitions for OT1/ztmcm.
)
LaTeX Font Info:    Trying to load font information for OML+ztmcm on input line 2.
 (C:\Program Files\Miktex\tex/latex/psnfss\omlztmcm.fd
File: omlztmcm.fd 2000/01/03 Fontinst v1.801 font definitions for OML/ztmcm.
)
LaTeX Font Info:    Trying to load font information for OMS+ztmcm on input line 2.
 (C:\Program Files\Miktex\tex/latex/psnfss\omsztmcm.fd
File: omsztmcm.fd 2000/01/03 Fontinst v1.801 font definitions for OMS/ztmcm.
)
LaTeX Font Info:    Trying to load font information for OMX+ztmcm on input line 2.
 (C:\Program Files\Miktex\tex/latex/psnfss\omxztmcm.fd
File: omxztmcm.fd 2000/01/03 Fontinst v1.801 font definitions for OMX/ztmcm.
)
LaTeX Font Info:    Trying to load font information for OT1+ptm on input line 2.
 (C:\Program Files\Miktex\tex/latex/psnfss\ot1ptm.fd
File: ot1ptm.fd 2001/06/04 font definitions for OT1/ptm.
)
LaTeX Font Info:    Font shape `OT1/ptm/bx/n' in size <10> not available
(Font)              Font shape `OT1/ptm/b/n' tried instead on input line 2.
LaTeX Font Info:    Font shape `OT1/ptm/bx/n' in size <7.4> not available
(Font)              Font shape `OT1/ptm/b/n' tried instead on input line 2.
LaTeX Font Info:    Font shape `OT1/ptm/bx/n' in size <6> not available
(Font)              Font shape `OT1/ptm/b/n' tried instead on input line 2.
)
\tf@toc=\write5
\openout5 = `main.toc'.

 [5

] (main.lof)
\tf@lof=\write6
\openout6 = `main.lof'.

 [6

]

Package glossaries Warning: Empty glossary for \printnoidxglossary[type={main}]. Rerun may be required (or you may have forgotten to use commands like \gls) on input line 200.

Using TeX to sort glossary entries---this may take a while
No file main.acr.
[7


]
\openout2 = `chapters/ch_1/ch_1.aux'.

 (chapters/ch_1/ch_1.tex
Chapter 1.
LaTeX Font Info:    Font shape `OT1/ptm/bx/n' in size <12> not available
(Font)              Font shape `OT1/ptm/b/n' tried instead on input line 1.
LaTeX Font Info:    Font shape `OT1/ptm/bx/n' in size <9> not available
(Font)              Font shape `OT1/ptm/b/n' tried instead on input line 1.
LaTeX Font Info:    Font shape `OT1/ptm/bx/n' in size <7> not available
(Font)              Font shape `OT1/ptm/b/n' tried instead on input line 1.
Package lettrine.sty Info: Targeted height = 21.94489pt
(lettrine.sty)             (for loversize=0, accent excluded),
(lettrine.sty)             Lettrine height = 27.43123pt (N) loversize=0.25;
(lettrine.sty)             reported on input line 2.

Underfull \hbox (badness 10000) in paragraph at lines 2--9

 []


Underfull \hbox (badness 10000) in paragraph at lines 2--9

 []


Underfull \hbox (badness 10000) in paragraph at lines 11--18

 []


Underfull \hbox (badness 10000) in paragraph at lines 11--18

 []


pdfTeX warning (ext4): destination with the same identifier (name{page.1}) has been already used, duplicate ignored
<to be read again> 
                   \relax 
l.18 
      [1


])
Underfull \hbox (badness 10000) in paragraph at lines 20--214

 []

[2]
\openout2 = `chapters/ch_2/ch_2.aux'.

 (chapters/ch_2/ch_2.tex
Chapter 2.
LaTeX Font Info:    Font shape `OT1/ptm/bx/n' in size <5> not available
(Font)              Font shape `OT1/ptm/b/n' tried instead on input line 4.
<figures/fig_1.png, id=141, 770.88pt x 506.6428pt>
File: figures/fig_1.png Graphic file (type png)
<use figures/fig_1.png>
Package pdftex.def Info: figures/fig_1.png  used on input line 9.
(pdftex.def)             Requested size: 294.27939pt x 193.40756pt.
<figures/fig_5.png, id=146, 741.77126pt x 681.54625pt>
File: figures/fig_5.png Graphic file (type png)
<use figures/fig_5.png>
Package pdftex.def Info: figures/fig_5.png  used on input line 35.
(pdftex.def)             Requested size: 228.88452pt x 210.29959pt.
LaTeX Font Info:    Trying to load font information for TS1+ptm on input line 40.
(C:\Program Files\Miktex\tex/latex/psnfss\ts1ptm.fd
File: ts1ptm.fd 2001/06/04 font definitions for TS1/ptm.
)
<figures/fig_2.png, id=152, 853.1875pt x 648.4225pt>
File: figures/fig_2.png Graphic file (type png)
<use figures/fig_2.png>
Package pdftex.def Info: figures/fig_2.png  used on input line 50.
(pdftex.def)             Requested size: 294.27939pt x 223.65652pt.
<figures/fig_3.png, id=153, 853.1875pt x 648.4225pt>
File: figures/fig_3.png Graphic file (type png)
<use figures/fig_3.png>
Package pdftex.def Info: figures/fig_3.png  used on input line 61.
(pdftex.def)             Requested size: 294.27939pt x 223.65652pt.

Underfull \hbox (badness 10000) in paragraph at lines 29--66

 []


Underfull \hbox (badness 10000) in paragraph at lines 29--66

 []


Underfull \hbox (badness 10000) in paragraph at lines 29--66

 []


Underfull \hbox (badness 10000) in paragraph at lines 29--66

 []

[3




 <./figures/fig_1.png>] [4 <./figures/fig_5.png>]

LaTeX Warning: `!h' float specifier changed to `!ht'.


Underfull \vbox (badness 10000) has occurred while \output is active []

 [5 <./figures/fig_2.png>]) [6 <./figures/fig_3.png>]
LaTeX Font Info:    Trying to load font information for T1+cmtt on input line 220.
 (C:\Program Files\Miktex\tex/latex/base\t1cmtt.fd
File: t1cmtt.fd 2023/04/13 v2.5m Standard LaTeX font definitions
) [7



{C:/Program Files/Miktex/fonts/enc/dvips/cm-super/cm-super-t1.enc}] 
enddocument/afterlastpage: lastpage setting LastPage.
(main.aux (chapters/ch_1/ch_1.aux) (chapters/ch_2/ch_2.aux))
 ***********
LaTeX2e <2023-11-01> patch level 1
L3 programming layer <2024-03-14>
 ***********
Package rerunfilecheck Info: File `main.out' has not changed.
(rerunfilecheck)             Checksum: 8AB82E7084EB3C610C34E238E20703EF;1612.
Package logreq Info: Writing requests to 'main.run.xml'.
\openout1 = `main.run.xml'.

 ) 
Here is how much of TeX's memory you used:
 24708 strings out of 474385
 430081 string characters out of 5750167
 1951496 words of memory out of 5000000
 46591 multiletter control sequences out of 15000+600000
 628347 words of font info for 123 fonts, out of 8000000 for 9000
 1141 hyphenation exceptions out of 8191
 94i,13n,93p,2370b,1541s stack positions out of 10000i,1000n,20000p,200000b,200000s
<C:/Program Files/Miktex/fonts/type1/public/amsfonts/cm/cmmi10.pfb><C:/Program Files/Miktex/fonts/type1/public/amsfonts/cm/cmr10.pfb><C:/Program Files/Miktex/fonts/type1/public/amsfonts/cm/cmsy10.pfb><C:/Program Files/Miktex/fonts/type1/public/cm-super/sftt1000.pfb><C:/Program Files/Miktex/fonts/type1/public/urw-base35/utmb8a.pfb><C:/Program Files/Miktex/fonts/type1/public/urw-base35/utmr8a.pfb><C:/Program Files/Miktex/fonts/type1/public/urw-base35/utmr8a.pfb><C:/Program Files/Miktex/fonts/type1/public/urw-base35/utmri8a.pfb>
Output written on main.pdf (15 pages, 1254093 bytes).
PDF statistics:
 246 PDF objects out of 1000 (max. 8388607)
 50 named destinations out of 1000 (max. 500000)
 98 words of extra memory for PDF output out of 10000 (max. 10000000)

